<?xml version="1.0" encoding="UTF-8"?><mod:Process xmlns:mod="http://www.trust40.com/process-modeling" xmlns:xmi="http://www.omg.org/XMI" xmlns:xsi="http://www.w3.org/2001/XMLSchema-instance" id="CBP" name="CBP" startStep="//@elements.1" xmi:version="2.0">
        
  
  <elements exposeToCollaboratingParties="true" id="3cbfade3-469c-48f9-84f8-30f8e05dda86" isTraced="true" name="Start" outRelationships="//@relationships.9" type="START" xsi:type="mod:ProcessStep"/>
      
  
  <elements exposeToCollaboratingParties="true" id="20ff99b6-b20d-4864-954c-f2f47e50c988" inRelationships="//@relationships.9" name="Parallelism" outRelationships="//@relationships.10 //@relationships.11" type="PARALLELISM" xsi:type="mod:Gate"/>
      
  
  <elements alias="L-B Side Assembling" exposeToCollaboratingParties="true" id="af8c6ba5-f99e-4ecc-9aa4-b3d560e2bc4f" inRelationships="//@relationships.11" isTraced="true" name="SA01 - Side Assembling (L-B)" outRelationships="//@relationships.13" xsi:type="mod:ProcessStep">
            
    
    <capability exposeToCollaboratingParties="true" id="70dcdd57-fca9-4a68-9b73-3e1ffceb3d4b" name="Assemble"/>
                    
    
    <outProducts exposeToCollaboratingParties="true" id="b0533a73-a03c-4c97-ae19-da879262fd67" name="L-B Side" quantity="1">          </outProducts>
          
  
  </elements>
      
  
  <elements alias="R-U Side Assembling" exposeToCollaboratingParties="true" id="46ca746d-c048-4a8c-b24a-5d4eae5be376" inRelationships="//@relationships.10" isTraced="true" name="SA01 - Side Assembling (R-U)" outRelationships="//@relationships.12" xsi:type="mod:ProcessStep"/>
      
  
  <elements exposeToCollaboratingParties="true" id="b685a0c6-2dc3-4991-994b-35d6692089bf" inRelationships="//@relationships.12 //@relationships.13" name="Parallelism" outRelationships="//@relationships.20" type="PARALLELISM" xsi:type="mod:Gate"/>
      
  
  <elements alias="Assemble Frame" exposeToCollaboratingParties="true" id="ab776f26-39df-4de2-8712-20b24bf17903" inRelationships="//@relationships.20" isTraced="true" name="FA01 - Frame Assembling" outRelationships="//@relationships.21" xsi:type="mod:ProcessStep"/>
      
  
  <elements alias="Add Back Side" exposeToCollaboratingParties="true" id="a4c1ba97-bb6b-4e12-be2e-a96ba84f4aa8" inRelationships="//@relationships.21" isTraced="true" name="BAH01 - Back Side Hammering" outRelationships="//@relationships.22" xsi:type="mod:ProcessStep"/>
      
  
  <elements alias="Pack the Box" exposeToCollaboratingParties="true" id="b96b23b3-edd8-4fef-8d5d-d62a64db1beb" inRelationships="//@relationships.16" isTraced="true" name="PA01 - Packaging" outRelationships="//@relationships.15" xsi:type="mod:ProcessStep"/>
      
  
  <elements alias="Measure Dimensions" exposeToCollaboratingParties="true" id="8b7bcb31-48d5-4611-af0a-eece04c5e1fa" inRelationships="//@relationships.22" isTraced="true" name="BI01 - Box Inspection" notation="INSPECTION" outRelationships="//@relationships.17" xsi:type="mod:ProcessStep">
            
    
    <capability exposeToCollaboratingParties="true" id="ca485c15-b802-4239-a718-02b29703cba4" name="Inspect">
                  
      
      <constraints exposeToCollaboratingParties="true" isPersisted="true" metricUnit="" name="WidthDev &lt; 30 mm" physicalDimension="" value="WidthDev &lt; 30 mm"/>
                
    
    </capability>
            
    
    <inProducts exposeToCollaboratingParties="true" id="013f7926-f388-4bf9-b9dd-135eae25413f" name="Box" quantity="1"/>
            
    
    <outProducts exposeToCollaboratingParties="true" id="9112a628-0954-408a-849a-2e8998b00897" name="Inspected Box" quantity="1"/>
          
  
  </elements>
      
  
  <elements exposeToCollaboratingParties="true" id="16dd1607-3d26-4aa0-93ee-2234d60d4bf9" inRelationships="//@relationships.17" name="Decision" outRelationships="//@relationships.16 //@relationships.18" xsi:type="mod:Gate"/>
      
  
  <elements exposeToCollaboratingParties="true" id="12cd505e-c847-4881-806b-448ea295d7f1" inRelationships="//@relationships.15 //@relationships.19" name="Decision" outRelationships="//@relationships.14" xsi:type="mod:Gate"/>
      
  
  <elements exposeToCollaboratingParties="true" id="a17d5fe4-bea7-4e1d-ae35-7887f3af4b48" inRelationships="//@relationships.14" isTraced="true" name="End" type="END" xsi:type="mod:ProcessStep"/>
                                                    

  <ds:Signature xmlns:ds="http://www.w3.org/2000/09/xmldsig#">
    
    <ds:SignedInfo>
      
      <ds:CanonicalizationMethod Algorithm="http://www.w3.org/TR/2001/REC-xml-c14n-20010315"/>
      
      <ds:SignatureMethod Algorithm="http://www.w3.org/2001/04/xmldsig-more#ecdsa-sha512"/>
      
      <ds:Reference URI="">
        
        <ds:Transforms>
          
          <ds:Transform Algorithm="http://www.w3.org/2000/09/xmldsig#enveloped-signature"/>
          
          <ds:Transform Algorithm="http://www.w3.org/TR/2001/REC-xml-c14n-20010315#WithComments"/>
          
        </ds:Transforms>
        
        <ds:DigestMethod Algorithm="http://www.w3.org/2000/09/xmldsig#sha1"/>
        
        <ds:DigestValue>L6t6nARb7gSsj6/BxQD25xNTIR4=</ds:DigestValue>
        
      </ds:Reference>
      
    </ds:SignedInfo>
    
    <ds:SignatureValue>
nbTI3uCM86KdJKbp9Z3Di5mf2jP8WGBGmA1PfUG2+0IBa9p2V0xBf93fDiFWKH09lU6QVMj22hqi&#13;
pOU94X4beQ==
</ds:SignatureValue>
    
    <ds:KeyInfo>
      
      <ds:KeyValue>
        
        <dsig11:ECKeyValue xmlns:dsig11="http://www.w3.org/2009/xmldsig11#">
          
          <dsig11:NamedCurve URI="urn:oid:1.2.840.10045.3.1.7"/>
          
          <dsig11:PublicKey>BBUXlo0A5LEOp4R9cRQ7TJICaDJy7FmLgvmhsB/+UkKCTqq9R1Lsy0bX2GDrw0H9DbN/4zZvXksj&#13;
hvjevumLe90=</dsig11:PublicKey>
          
        </dsig11:ECKeyValue>
        
      </ds:KeyValue>
      
      <ds:X509Data>
        
        <ds:X509Certificate>
MIICOzCCAeGgAwIBAgIQQMhILn3TstTKp/KARfHMuzAKBggqhkjOPQQDAjB2MQswCQYDVQQGEwJV&#13;
UzETMBEGA1UECBMKQ2FsaWZvcm5pYTEWMBQGA1UEBxMNU2FuIEZyYW5jaXNjbzEZMBcGA1UEChMQ&#13;
b3JnMS5leGFtcGxlLmNvbTEfMB0GA1UEAxMWdGxzY2Eub3JnMS5leGFtcGxlLmNvbTAeFw0yMDA4&#13;
MjUxMTM0MDBaFw0zMDA4MjMxMTM0MDBaMFsxCzAJBgNVBAYTAlVTMRMwEQYDVQQIEwpDYWxpZm9y&#13;
bmlhMRYwFAYDVQQHEw1TYW4gRnJhbmNpc2NvMR8wHQYDVQQDDBZVc2VyMUBvcmcxLmV4YW1wbGUu&#13;
Y29tMFkwEwYHKoZIzj0CAQYIKoZIzj0DAQcDQgAEFReWjQDksQ6nhH1xFDtMkgJoMnLsWYuC+aGw&#13;
H/5SQoJOqr1HUuzLRtfYYOvDQf0Ns3/jNm9eSyOG+N6+6Yt73aNsMGowDgYDVR0PAQH/BAQDAgWg&#13;
MB0GA1UdJQQWMBQGCCsGAQUFBwMBBggrBgEFBQcDAjAMBgNVHRMBAf8EAjAAMCsGA1UdIwQkMCKA&#13;
IEBUUtz7U8NbDw+qXd98b4M1JeH0wX6GJFr2jgo6VhTSMAoGCCqGSM49BAMCA0gAMEUCIQD0k5PP&#13;
K/dofjRJ9R5A3iJkyMMB7UjPq/fr6jAgX7lujgIgQJDn9zHYKuzclcwdcGswQNMvbkEi1tuD5SvL&#13;
u4itNZc=
</ds:X509Certificate>
        
      </ds:X509Data>
      
    </ds:KeyInfo>
    
  </ds:Signature>
</mod:Process>
